2026-03-03 15:42:15 | INFO     | ###################################
2026-03-03 15:42:15 | INFO     | #####    Ratatoskr v1.0.3     #####
2026-03-03 15:42:15 | INFO     | ###################################

2026-03-03 15:42:15 | DEBUG    | Setting up LPSN client with email chrisjrt1@gmail.com.
2026-03-03 15:42:15 | SUCCESS  | LPSN client set up.
2026-03-03 15:42:15 | DEBUG    | Setting up BacDive client with email chrisjrt1@gmail.com.
2026-03-03 15:42:15 | SUCCESS  | Bacdive client set up.

2026-03-03 15:42:15 | INFO     | Step 1 of 4: Retrieving taxonomical data from LPSN.
2026-03-03 15:42:15 | INFO     | Retrieving full LPSN taxonomy data.
2026-03-03 15:42:38 | INFO     | Filtering LPSN data for domain archaea.
2026-03-03 15:42:38 | DEBUG    | Converting LPSN DataFrame to list of TypeStrain objects.
2026-03-03 15:42:38 | INFO     | Checking LPSN rRNA accessions for validity.
2026-03-03 15:42:38 | INFO     | Loading rRNA accession cache from test_archaea.pkl.
2026-03-03 15:42:38 | WARNING  | Cache file test_archaea.pkl does not exist. Starting with empty cache.
2026-03-03 15:42:54 | WARNING  | rRNA accession MH223463 for Methanohalophilus profundi type strain DSM 108854 is shorter than 1000 bp or longer than 2000 bp, which may indicate an issue with the sequence. Removing.
2026-03-03 15:42:54 | WARNING  | rRNA accession AM114193 for Methanocella arvoryzae type strain DSM 22066 is shorter than 1000 bp or longer than 2000 bp, which may indicate an issue with the sequence. Removing.
2026-03-03 15:42:54 | WARNING  | rRNA accession CP002278 for Methanothermus fervidus type strain ATCC 43054 is shorter than 1000 bp or longer than 2000 bp, which may indicate an issue with the sequence. Removing.
2026-03-03 15:42:54 | WARNING  | rRNA accession X15364 for Methanothermobacter marburgensis type strain DSM 2133 is shorter than 1000 bp or longer than 2000 bp, which may indicate an issue with the sequence. Removing.
2026-03-03 15:42:54 | WARNING  | rRNA accession DQ649302 for Methanobacterium beijingense type strain 8-2 is shorter than 1000 bp or longer than 2000 bp, which may indicate an issue with the sequence. Removing.
2026-03-03 15:42:54 | WARNING  | rRNA accession CP002772 for Methanobacterium paludis type strain DSM 25820 is shorter than 1000 bp or longer than 2000 bp, which may indicate an issue with the sequence. Removing.
2026-03-03 15:42:54 | WARNING  | rRNA accession AF009219 for Methanogenium frigidum type strain Ace-2 is shorter than 1000 bp or longer than 2000 bp, which may indicate an issue with the sequence. Removing.
2026-03-03 15:42:54 | WARNING  | rRNA accession CP099993 for Halorussus salilacus type strain CGMCC 1.17176 is shorter than 1000 bp or longer than 2000 bp, which may indicate an issue with the sequence. Removing.
2026-03-03 15:42:54 | WARNING  | rRNA accession CP016804 for Halodesulfurarchaeum formicicum type strain HSR6 is shorter than 1000 bp or longer than 2000 bp, which may indicate an issue with the sequence. Removing.
2026-03-03 15:42:54 | WARNING  | rRNA accession CP071306 for Halocatena halophila type strain CGMCC 1.17467 is shorter than 1000 bp or longer than 2000 bp, which may indicate an issue with the sequence. Removing.
2026-03-03 15:42:54 | WARNING  | rRNA accession CP132294 for Natronococcus wangiae type strain AD-5 is shorter than 1000 bp or longer than 2000 bp, which may indicate an issue with the sequence. Removing.
2026-03-03 15:42:54 | WARNING  | rRNA accession CP084469 for Natrinema salinisoli type strain CGMCC 1.14945 is shorter than 1000 bp or longer than 2000 bp, which may indicate an issue with the sequence. Removing.
2026-03-03 15:42:54 | WARNING  | rRNA accession CP119559 for Haloarcula halophila type strain CGMCC 1.18544 is shorter than 1000 bp or longer than 2000 bp, which may indicate an issue with the sequence. Removing.
2026-03-03 15:42:54 | WARNING  | rRNA accession CP119779 for Haloarcula litorea type strain CGMCC 1.18545 is shorter than 1000 bp or longer than 2000 bp, which may indicate an issue with the sequence. Removing.
2026-03-03 15:42:54 | WARNING  | rRNA accession CP119787 for Haloarcula halobia type strain CGMCC 1.17215 is shorter than 1000 bp or longer than 2000 bp, which may indicate an issue with the sequence. Removing.
2026-03-03 15:42:54 | WARNING  | rRNA accession AB072816 for Halosimplex carlsbadense type strain 2-9-1 is shorter than 1000 bp or longer than 2000 bp, which may indicate an issue with the sequence. Removing.
2026-03-03 15:42:54 | WARNING  | rRNA accession CP064788 for Halapricum desulfuricans type strain HSR12-2 is shorter than 1000 bp or longer than 2000 bp, which may indicate an issue with the sequence. Removing.
2026-03-03 15:42:54 | WARNING  | rRNA accession JN787951 for Haloferax chudinovii type strain DSM 26526 is shorter than 1000 bp or longer than 2000 bp, which may indicate an issue with the sequence. Removing.
2026-03-03 15:42:54 | WARNING  | rRNA accession CP082284 for Halobaculum rubrum type strain C46 is shorter than 1000 bp or longer than 2000 bp, which may indicate an issue with the sequence. Removing.
2026-03-03 15:42:54 | WARNING  | rRNA accession CP025066 for Halalkaliarchaeum desulfuricum type strain AArc-Sl is shorter than 1000 bp or longer than 2000 bp, which may indicate an issue with the sequence. Removing.
2026-03-03 15:42:54 | WARNING  | rRNA accession M38637 for Thermoplasma acidophilum type strain AMRC-C 165 is shorter than 1000 bp or longer than 2000 bp, which may indicate an issue with the sequence. Removing.
2026-03-03 15:42:54 | WARNING  | rRNA accession CP010835 for Pyrococcus kukulkanii type strain BG 1337 is shorter than 1000 bp or longer than 2000 bp, which may indicate an issue with the sequence. Removing.
2026-03-03 15:42:54 | WARNING  | rRNA accession KP187955 for Thermococcus paralvinellae type strain DSM 27261 is shorter than 1000 bp or longer than 2000 bp, which may indicate an issue with the sequence. Removing.
2026-03-03 15:42:54 | WARNING  | rRNA accession AB033626 for Thermococcus chitonophagus type strain DSM 10152 is shorter than 1000 bp or longer than 2000 bp, which may indicate an issue with the sequence. Removing.
2026-03-03 15:42:54 | WARNING  | rRNA accession CP003531 for Thermogladius calderae type strain 1633 is shorter than 1000 bp or longer than 2000 bp, which may indicate an issue with the sequence. Removing.
2026-03-03 15:42:54 | WARNING  | rRNA accession CP002363 for Desulfurococcus mucosus type strain ATCC 35584 is shorter than 1000 bp or longer than 2000 bp, which may indicate an issue with the sequence. Removing.
2026-03-03 15:42:54 | WARNING  | rRNA accession CP009961 for Infirmifilum uzonense type strain 1807-2 is shorter than 1000 bp or longer than 2000 bp, which may indicate an issue with the sequence. Removing.
2026-03-03 15:42:54 | WARNING  | rRNA accession X14835 for Thermofilum pendens type strain DSM 2475 is shorter than 1000 bp or longer than 2000 bp, which may indicate an issue with the sequence. Removing.
2026-03-03 15:42:54 | WARNING  | rRNA accession CP006646 for Thermofilum adornatum type strain 1910b is shorter than 1000 bp or longer than 2000 bp, which may indicate an issue with the sequence. Removing.
2026-03-03 15:42:54 | WARNING  | rRNA accession CP003098 for Pyrobaculum ferrireducens type strain 1860 is shorter than 1000 bp or longer than 2000 bp, which may indicate an issue with the sequence. Removing.
2026-03-03 15:42:54 | WARNING  | rRNA accession AB008745 for Aeropyrum pernix type strain ATCC 700893 is shorter than 1000 bp or longer than 2000 bp, which may indicate an issue with the sequence. Removing.
2026-03-03 15:42:54 | WARNING  | rRNA accession D26491 for Metallosphaera sedula type strain ATCC 51363 is shorter than 1000 bp or longer than 2000 bp, which may indicate an issue with the sequence. Removing.
2026-03-03 15:42:54 | WARNING  | rRNA accession D26489 for Acidianus brierleyi type strain DSM 1651 is shorter than 1000 bp or longer than 2000 bp, which may indicate an issue with the sequence. Removing.
2026-03-03 15:42:54 | WARNING  | rRNA accession CP042905 for Promethearchaeum syntrophicum type strain JCM 39240 is shorter than 1000 bp or longer than 2000 bp, which may indicate an issue with the sequence. Removing.
2026-03-03 15:42:54 | INFO     | Updating rRNA accession cache with new information.
2026-03-03 15:42:54 | DEBUG    | Saving rRNA accession cache to test_archaea.pkl.
2026-03-03 15:42:54 | SUCCESS  | Retrieved metadata for 776 type strains from LPSN.

2026-03-03 15:42:54 | INFO     | Step 2 of 4: Retrieving extra info from BacDive for LPSN type strains.
2026-03-03 15:42:54 | INFO     | Retrieving BacDive data for type strains in genus groups.
2026-03-03 15:42:58 | INFO     | No BacDive type strain data found for genus Salella. This may because it is only recently described.
2026-03-03 15:43:00 | INFO     | No BacDive type strain data found for genus Halosubterraneus. This may because it is only recently described.
2026-03-03 15:43:06 | INFO     | No BacDive type strain data found for genus Sulfurococcus. This may because it is only recently described.
2026-03-03 15:43:06 | INFO     | No BacDive type strain data found for genus Methanosuratincola. This may because it is only recently described.
2026-03-03 15:43:07 | INFO     | No BacDive type strain data found for genus Methanochimaera. This may because it is only recently described.
2026-03-03 15:43:07 | INFO     | No BacDive type strain data found for genus Methanolapillus. This may because it is only recently described.
2026-03-03 15:43:07 | INFO     | No BacDive type strain data found for genus Natronoglomus. This may because it is only recently described.
2026-03-03 15:43:08 | INFO     | No BacDive type strain data found for genus Halovalidus. This may because it is only recently described.
2026-03-03 15:43:08 | INFO     | No BacDive type strain data found for genus Salinirarus. This may because it is only recently described.
2026-03-03 15:43:08 | INFO     | No BacDive type strain data found for genus Natronorarus. This may because it is only recently described.
2026-03-03 15:43:08 | INFO     | No BacDive type strain data found for genus Oxyplasma. This may because it is only recently described.
2026-03-03 15:43:09 | INFO     | No BacDive type strain data found for genus Nitrosotalea. This may because it is only recently described.
2026-03-03 15:43:09 | SUCCESS  | Extra info retrieval from BacDive complete.

2026-03-03 15:43:09 | INFO     | Step 3 of 4: Retrieving information from GenBank.
2026-03-03 15:43:09 | INFO     | Retrieving NCBI Taxon IDs for LPSN type strains.
2026-03-03 15:43:09 | DEBUG    | Retrieving NCBI Taxon IDs for 97 query terms.
2026-03-03 15:43:09 | DEBUG    | ['Methanimicrococcus stummii', 'Methanimicrococcus hacksteinii', 'Methanimicrococcus hongohii', 'Methanolapillus africanus', 'Methanolapillus ohkumae', 'Methanolapillus millepedarum', 'Methanococcoides cohabitans', 'Methanolobus oregonensis', 'Methanohalophilus oregonensis', 'Methanosarcina mangrovi', 'Methanosarcina semesiae', 'Methanosarcina baikalica', 'Methanosarcina sediminis', 'Halomethanococcus doii', 'Methanothermobacter thermautotrophicus', 'Methanobacterium thermoformicicum', 'Methanobacterium thermautotrophicum', 'Methanobacterium thermalcaliphilum', 'Methanobacterium aridiramus', 'Methanobrevibacter arboriphilicus', 'Methanobacterium arboriphilicum', 'Methanobrevibacter arboriphilus', 'Methanobrevibacter intestini', 'Methanobrevibacter wolinii', 'Methanochimaera problematica', 'Methanospirillum purgamenti', 'Salinibaculum salinum', 'Salinibaculum marinum', 'Salinibaculum rarum', 'Halobacterium yunchengense', 'Salinirubellus litoreus', 'Halovenus halobia', 'Halovenus marina', 'Halovenus amylolytica', 'Haladaptatus caseinilyticus', 'Natronomonas amylolytica', 'Halocatena salina', 'Salella cibi', 'Sala cibi', 'Natronoglomus mannanivorans', 'Natronosalvus hydrolyticus', 'Natronococcus wangiae', 'Natronococcus zhouii', 'Haloterrigena salinisoli', 'Haloterrigena gelatinilytica', 'Halovalidus salilacus', 'Halorientalis halophila', 'Haloarcula montana', 'Haloarcula sediminis', 'Haloarcula brevis', 'Haloarcula regularis', 'Haloarcula saliterrae', 'Halomicroarcula saliterrae', 'Haloarcula onubensis', 'Halomicroarcula onubensis', 'Halosimplex amylolyticum', 'Halosimplex halobium', 'Halosimplex rarum', 'Halosimplex marinum', 'Halorhabdus amylolytica', 'Halapricum hydrolyticum', 'Haloferax litoreum', 'Haloferax marinisediminis', 'Haloferax marinum', 'Halosubterraneus shenae', 'Halobaculum rubrum', 'Halobaculum rarum', 'Halogeometricum salsisoli', 'Halogeometricum luteum', 'Haloplanus halobius', 'Haloplanus salilacus', 'Haloplanus pelagicus', 'Haloplanus halophilus', 'Salinirarus marinus', 'Halorubrum miltondacostae', 'Halobellus salinisoli', 'Halobellus ordinarius', 'Halobellus marinus', 'Halobellus rubicundus', 'Halobellus ruber', 'Natronorarus salvus', 'Halalkalicoccus salilacus', 'Halalkalicoccus ordinarius', 'Oxyplasma meridianum', 'Pyrococcus glycovorans', 'Thermococcus hydrothermalis', 'Ignisphaera cupida', 'Infirmifilum uzonense', 'Thermofilum uzonense', 'Thermofilum adornatum', 'Sulfurococcus yellowstonensis', 'Sulfurococcus yellowstonii', 'Sulfurococcus mirabilis', 'Sulfolobus yangmingensis', 'Nitrosotalea devaniterrae', 'Nitrosotalea sinensis', 'Methanosuratincola petrocarbonis']
2026-03-03 15:43:11 | DEBUG    | Multiple Taxon IDs found for Methanolobus oregonensis. Will carry forward using all matches.
2026-03-03 15:43:11 | DEBUG    | No Taxon ID found for Halomethanococcus doii
2026-03-03 15:43:11 | DEBUG    | Multiple Taxon IDs found for Methanobrevibacter arboriphilicus. Will carry forward using all matches.
2026-03-03 15:43:11 | DEBUG    | Multiple Taxon IDs found for Infirmifilum uzonense. Will carry forward using all matches.
2026-03-03 15:43:11 | DEBUG    | No Taxon ID found for Sulfurococcus yellowstonensis
2026-03-03 15:43:11 | DEBUG    | No Taxon ID found for Sulfurococcus mirabilis
2026-03-03 15:43:11 | INFO     | Retrieving missing 16S rRNA gene information from GenBank.
2026-03-03 15:43:41 | INFO     | Retrieving genome information from GenBank.
2026-03-03 15:43:41 | DEBUG    | Requesting genome information for 331 taxon IDs from GenBank.
2026-03-03 15:43:44 | DEBUG    | Retrieved 1169 genome records from GenBank.
2026-03-03 15:43:44 | INFO     | Processing genome information.
2026-03-03 15:43:45 | DEBUG    | No genome data found for Methanothrix soehngenii matching type strain names. Just FYI
2026-03-03 15:43:45 | DEBUG    | No genome data found for Methanothrix thermoacetophila matching type strain names. Just FYI
2026-03-03 15:43:45 | DEBUG    | No genome data found for Methanothrix harundinacea matching type strain names. Just FYI
2026-03-03 15:43:45 | DEBUG    | No genome data found for Methanomethylovorans thermophila. Just FYI
2026-03-03 15:43:45 | DEBUG    | No genome data found for Methanomethylovorans uponensis. Just FYI
2026-03-03 15:43:45 | DEBUG    | No genome data found for Methanolobus taylorii. Just FYI
2026-03-03 15:43:45 | DEBUG    | No genome data found for Methanolobus vulcani matching type strain names. Just FYI
2026-03-03 15:43:45 | DEBUG    | No genome data found for Methanolobus profundi matching type strain names. Just FYI
2026-03-03 15:43:45 | DEBUG    | No genome data found for Methanosarcina lacustris matching type strain names. Just FYI
2026-03-03 15:43:45 | DEBUG    | No genome data found for Methanocaldococcus lauensis matching type strain names. Just FYI
2026-03-03 15:43:45 | DEBUG    | No genome data found for Archaeoglobus infectus. Just FYI
2026-03-03 15:43:45 | DEBUG    | No genome data found for Methanothermobacter thermophilus. Just FYI
2026-03-03 15:43:45 | DEBUG    | No genome data found for Methanothermobacter thermoflexus. Just FYI
2026-03-03 15:43:45 | DEBUG    | No genome data found for Methanobacterium beijingense. Just FYI
2026-03-03 15:43:45 | DEBUG    | No genome data found for Methanobacterium espanolae. Just FYI
2026-03-03 15:43:45 | DEBUG    | No genome data found for Methanobacterium spitsbergense matching type strain names. Just FYI
2026-03-03 15:43:45 | DEBUG    | No genome data found for Methanobacterium palustre. Just FYI
2026-03-03 15:43:45 | DEBUG    | No genome data found for Methanobacterium thermaggregans. Just FYI
2026-03-03 15:43:45 | DEBUG    | No genome data found for Methanobacterium congolense matching type strain names. Just FYI
2026-03-03 15:43:45 | DEBUG    | No genome data found for Methanobacterium uliginosum. Just FYI
2026-03-03 15:43:45 | DEBUG    | No genome data found for Methanobacterium alcaliphilum matching type strain names. Just FYI
2026-03-03 15:43:45 | DEBUG    | No genome data found for Methanobacterium aarhusense. Just FYI
2026-03-03 15:43:45 | DEBUG    | No genome data found for Methanobacterium lacus matching type strain names. Just FYI
2026-03-03 15:43:45 | DEBUG    | No genome data found for Methanobacterium ivanovii. Just FYI
2026-03-03 15:43:45 | DEBUG    | No genome data found for Methanocorpusculum aggregans. Just FYI
2026-03-03 15:43:45 | DEBUG    | No genome data found for Methanocorpusculum sinense. Just FYI
2026-03-03 15:43:45 | DEBUG    | No genome data found for Methanogenium frigidum. Just FYI
2026-03-03 15:43:45 | DEBUG    | No genome data found for Methanoculleus hydrogenitrophicus. Just FYI
2026-03-03 15:43:45 | DEBUG    | No genome data found for Methanoculleus bourgensis matching type strain names. Just FYI
2026-03-03 15:43:45 | DEBUG    | No genome data found for Methanocalculus halotolerans. Just FYI
2026-03-03 15:43:45 | DEBUG    | No genome data found for Methanolinea tarda matching type strain names. Just FYI
2026-03-03 15:43:45 | DEBUG    | No genome data found for Methanospirillum psychrodurum. Just FYI
2026-03-03 15:43:45 | DEBUG    | No genome data found for Natribaculum breve matching type strain names. Just FYI
2026-03-03 15:43:45 | DEBUG    | No genome data found for Natribaculum longum matching type strain names. Just FYI
2026-03-03 15:43:45 | DEBUG    | No genome data found for Halorussus salinisoli matching type strain names. Just FYI
2026-03-03 15:43:45 | DEBUG    | No genome data found for Halorussus vallis matching type strain names. Just FYI
2026-03-03 15:43:45 | DEBUG    | No genome data found for Halovenus aranensis matching type strain names. Just FYI
2026-03-03 15:43:45 | DEBUG    | No genome data found for Natronoarchaeum persicum. Just FYI
2026-03-03 15:43:45 | DEBUG    | No genome data found for Halococcus agarilyticus matching type strain names. Just FYI
2026-03-03 15:43:45 | DEBUG    | No genome data found for Natronococcus roseus matching type strain names. Just FYI
2026-03-03 15:43:45 | DEBUG    | No genome data found for Natrinema gelatinilyticum matching type strain names. Just FYI
2026-03-03 15:43:45 | DEBUG    | No genome data found for Natrinema marinum matching type strain names. Just FYI
2026-03-03 15:43:45 | DEBUG    | No genome data found for Natrinema caseinilyticum matching type strain names. Just FYI
2026-03-03 15:43:45 | DEBUG    | No genome data found for Natrinema zhouii matching type strain names. Just FYI
2026-03-03 15:43:45 | DEBUG    | No genome data found for Halorientalis marina matching type strain names. Just FYI
2026-03-03 15:43:45 | DEBUG    | No genome data found for Haloarcula rara matching type strain names. Just FYI
2026-03-03 15:43:45 | DEBUG    | No genome data found for Halorhabdus rudnickae matching type strain names. Just FYI
2026-03-03 15:43:45 | DEBUG    | No genome data found for Halomicrobium urmianum matching type strain names. Just FYI
2026-03-03 15:43:45 | DEBUG    | No genome data found for Halobaculum litoreum matching type strain names. Just FYI
2026-03-03 15:43:45 | DEBUG    | No genome data found for Halobaculum lipolyticum matching type strain names. Just FYI
2026-03-03 15:43:45 | DEBUG    | No genome data found for Halobaculum marinum matching type strain names. Just FYI
2026-03-03 15:43:45 | DEBUG    | No genome data found for Haloprofundus salinisoli matching type strain names. Just FYI
2026-03-03 15:43:45 | DEBUG    | No genome data found for Halorubrum orientale. Just FYI
2026-03-03 15:43:45 | DEBUG    | No genome data found for Palaeococcus helgesonii. Just FYI
2026-03-03 15:43:45 | DEBUG    | No genome data found for Thermococcus acidaminovorans. Just FYI
2026-03-03 15:43:45 | DEBUG    | No genome data found for Microcaldus variisymbioticus. Just FYI
2026-03-03 15:43:45 | DEBUG    | No genome data found for Pyrobaculum igneiluti. Just FYI
2026-03-03 15:43:45 | DEBUG    | No genome data found for Metallosphaera prunae. Just FYI
2026-03-03 15:43:45 | DEBUG    | No genome data found for Methanolobus oregonensis. Just FYI
2026-03-03 15:43:45 | DEBUG    | No genome data found for Methanosarcina semesiae. Just FYI
2026-03-03 15:43:45 | DEBUG    | No genome data found for Methanothermobacter thermautotrophicus matching type strain names. Just FYI
2026-03-03 15:43:45 | DEBUG    | No genome data found for Halorientalis halophila matching type strain names. Just FYI
2026-03-03 15:43:45 | DEBUG    | No genome data found for Haloarcula sediminis matching type strain names. Just FYI
2026-03-03 15:43:45 | DEBUG    | No genome data found for Haloarcula regularis matching type strain names. Just FYI
2026-03-03 15:43:45 | DEBUG    | No genome data found for Halobellus ordinarius matching type strain names. Just FYI
2026-03-03 15:43:45 | DEBUG    | No genome data found for Pyrococcus glycovorans. Just FYI
2026-03-03 15:43:45 | DEBUG    | No genome data found for Thermococcus hydrothermalis. Just FYI
2026-03-03 15:43:45 | DEBUG    | No genome data found for Sulfolobus yangmingensis. Just FYI
2026-03-03 15:43:45 | DEBUG    | No genome data found for Nitrosotalea devaniterrae matching type strain names. Just FYI
2026-03-03 15:43:45 | DEBUG    | No genome data found for Nitrosotalea sinensis matching type strain names. Just FYI
2026-03-03 15:43:45 | DEBUG    | No genome data found for Methanoculleus caldifontis matching type strain names. Just FYI
2026-03-03 15:43:45 | DEBUG    | No genome data found for Haloarcula halobia matching type strain names. Just FYI
2026-03-03 15:43:45 | DEBUG    | No genome data found for Infirmifilum lucidum matching type strain names. Just FYI
2026-03-03 15:43:45 | DEBUG    | No genome data found for Halomethanococcus doii. Just FYI
2026-03-03 15:43:45 | DEBUG    | No genome data found for Sulfurococcus yellowstonensis. Just FYI
2026-03-03 15:43:45 | DEBUG    | No genome data found for Sulfurococcus mirabilis. Just FYI
2026-03-03 15:43:45 | INFO     | Retrieving genome sequences from GenBank.
2026-03-03 15:43:45 | INFO     | 700 type strains already have genome sequence information. Retrieving sequences for remaining 76 type strains.
2026-03-03 15:43:45 | INFO     | Downloading dehydrated genome sequences from GenBank
